# JRE version: Java(TM) SE Runtime Environment (8.0_121-b13) (build 1.8.0_121-b13)
# Java VM: Java HotSpot(TM) 64-Bit Server VM (25.121-b13 mixed mode bsd-amd64 compressed oops)
Heap:
 PSYoungGen      total 38912K, used 17060K [0x0000000795580000, 0x0000000798480000, 0x00000007c0000000)
  eden space 31744K, 32% used [0x0000000795580000,0x0000000795f774a0,0x0000000797480000)
  from space 7168K, 95% used [0x0000000797500000,0x0000000797bb1c98,0x0000000797c00000)
  to   space 8192K, 0% used [0x0000000797c80000,0x0000000797c80000,0x0000000798480000)
 ParOldGen       total 87552K, used 10168K [0x0000000740000000, 0x0000000745580000, 0x0000000795580000)
  object space 87552K, 11% used [0x0000000740000000,0x00000007409ee068,0x0000000745580000)
 Metaspace       used 20244K, capacity 20762K, committed 20992K, reserved 1067008K
  class space    used 2331K, capacity 2503K, committed 2560K, reserved 1048576K
GC Heap History (10 events):
Event: 5.559 GC heap before
{Heap before GC invocations=3 (full 0):
 PSYoungGen      total 38400K, used 38389K [0x0000000795580000, 0x0000000798000000, 0x00000007c0000000)
  eden space 33280K, 100% used [0x0000000795580000,0x0000000797600000,0x0000000797600000)
  from space 5120K, 99% used [0x0000000797b00000,0x0000000797ffd788,0x0000000798000000)
  to   space 5120K, 0% used [0x0000000797600000,0x0000000797600000,0x0000000797b00000)
 ParOldGen       total 87552K, used 1671K [0x0000000740000000, 0x0000000745580000, 0x0000000795580000)
  object space 87552K, 1% used [0x0000000740000000,0x00000007401a1f20,0x0000000745580000)
 Metaspace       used 15388K, capacity 15542K, committed 15872K, reserved 1062912K
  class space    used 1875K, capacity 1970K, committed 2048K, reserved 1048576K
Event: 5.567 GC heap after
Heap after GC invocations=3 (full 0):
 PSYoungGen      total 38400K, used 5094K [0x0000000795580000, 0x0000000798000000, 0x00000007c0000000)
  eden space 33280K, 0% used [0x0000000795580000,0x0000000795580000,0x0000000797600000)
  from space 5120K, 99% used [0x0000000797600000,0x0000000797af9840,0x0000000797b00000)
  to   space 5120K, 0% used [0x0000000797b00000,0x0000000797b00000,0x0000000798000000)
 ParOldGen       total 87552K, used 3939K [0x0000000740000000, 0x0000000745580000, 0x0000000795580000)
  object space 87552K, 4% used [0x0000000740000000,0x00000007403d8cb8,0x0000000745580000)
 Metaspace       used 15388K, capacity 15542K, committed 15872K, reserved 1062912K
  class space    used 1875K, capacity 1970K, committed 2048K, reserved 1048576K
}
Event: 7.670 GC heap before
{Heap before GC invocations=4 (full 0):
 PSYoungGen      total 38400K, used 38374K [0x0000000795580000, 0x0000000798000000, 0x00000007c0000000)
  eden space 33280K, 100% used [0x0000000795580000,0x0000000797600000,0x0000000797600000)
  from space 5120K, 99% used [0x0000000797600000,0x0000000797af9840,0x0000000797b00000)
  to   space 5120K, 0% used [0x0000000797b00000,0x0000000797b00000,0x0000000798000000)
 ParOldGen       total 87552K, used 3939K [0x0000000740000000, 0x0000000745580000, 0x0000000795580000)
  object space 87552K, 4% used [0x0000000740000000,0x00000007403d8cb8,0x0000000745580000)
 Metaspace       used 16002K, capacity 16192K, committed 16384K, reserved 1062912K
  class space    used 1908K, capacity 2009K, committed 2048K, reserved 1048576K
Event: 7.689 GC heap after
Heap after GC invocations=4 (full 0):
 PSYoungGen      total 38400K, used 5088K [0x0000000795580000, 0x0000000798000000, 0x00000007c0000000)
  eden space 33280K, 0% used [0x0000000795580000,0x0000000795580000,0x0000000797600000)
  from space 5120K, 99% used [0x0000000797b00000,0x0000000797ff8020,0x0000000798000000)
  to   space 5120K, 0% used [0x0000000797600000,0x0000000797600000,0x0000000797b00000)
 ParOldGen       total 87552K, used 5795K [0x0000000740000000, 0x0000000745580000, 0x0000000795580000)
  object space 87552K, 6% used [0x0000000740000000,0x00000007405a8de8,0x0000000745580000)
 Metaspace       used 16002K, capacity 16192K, committed 16384K, reserved 1062912K
  class space    used 1908K, capacity 2009K, committed 2048K, reserved 1048576K
}
Event: 10.083 GC heap before
{Heap before GC invocations=5 (full 0):
 PSYoungGen      total 38400K, used 38368K [0x0000000795580000, 0x0000000798000000, 0x00000007c0000000)
  eden space 33280K, 100% used [0x0000000795580000,0x0000000797600000,0x0000000797600000)
  from space 5120K, 99% used [0x0000000797b00000,0x0000000797ff8020,0x0000000798000000)
  to   space 5120K, 0% used [0x0000000797600000,0x0000000797600000,0x0000000797b00000)
 ParOldGen       total 87552K, used 5795K [0x0000000740000000, 0x0000000745580000, 0x0000000795580000)
  object space 87552K, 6% used [0x0000000740000000,0x00000007405a8de8,0x0000000745580000)
 Metaspace       used 16788K, capacity 17192K, committed 17536K, reserved 1064960K
  class space    used 1985K, capacity 2083K, committed 2176K, reserved 1048576K
Event: 10.102 GC heap after
Heap after GC invocations=5 (full 0):
 PSYoungGen      total 37888K, used 5104K [0x0000000795580000, 0x0000000798680000, 0x00000007c0000000)
  eden space 32768K, 0% used [0x0000000795580000,0x0000000795580000,0x0000000797580000)
  from space 5120K, 99% used [0x0000000797600000,0x0000000797afc010,0x0000000797b00000)
  to   space 8704K, 0% used [0x0000000797e00000,0x0000000797e00000,0x0000000798680000)
 ParOldGen       total 87552K, used 8035K [0x0000000740000000, 0x0000000745580000, 0x0000000795580000)
  object space 87552K, 9% used [0x0000000740000000,0x00000007407d8fc8,0x0000000745580000)
 Metaspace       used 16788K, capacity 17192K, committed 17536K, reserved 1064960K
  class space    used 1985K, capacity 2083K, committed 2176K, reserved 1048576K
}
Event: 12.396 GC heap before
{Heap before GC invocations=6 (full 0):
 PSYoungGen      total 37888K, used 37872K [0x0000000795580000, 0x0000000798680000, 0x00000007c0000000)
  eden space 32768K, 100% used [0x0000000795580000,0x0000000797580000,0x0000000797580000)
  from space 5120K, 99% used [0x0000000797600000,0x0000000797afc010,0x0000000797b00000)
  to   space 8704K, 0% used [0x0000000797e00000,0x0000000797e00000,0x0000000798680000)
 ParOldGen       total 87552K, used 8035K [0x0000000740000000, 0x0000000745580000, 0x0000000795580000)
  object space 87552K, 9% used [0x0000000740000000,0x00000007407d8fc8,0x0000000745580000)
 Metaspace       used 17573K, capacity 18022K, committed 18432K, reserved 1064960K
  class space    used 2034K, capacity 2189K, committed 2304K, reserved 1048576K
Event: 12.419 GC heap after
Heap after GC invocations=6 (full 0):
 PSYoungGen      total 40448K, used 7167K [0x0000000795580000, 0x0000000798600000, 0x00000007c0000000)
  eden space 32256K, 0% used [0x0000000795580000,0x0000000795580000,0x0000000797500000)
  from space 8192K, 87% used [0x0000000797e00000,0x00000007984ffce0,0x0000000798600000)
  to   space 8704K, 0% used [0x0000000797500000,0x0000000797500000,0x0000000797d80000)
 ParOldGen       total 87552K, used 8043K [0x0000000740000000, 0x0000000745580000, 0x0000000795580000)
  object space 87552K, 9% used [0x0000000740000000,0x00000007407dafc8,0x0000000745580000)
 Metaspace       used 17573K, capacity 18022K, committed 18432K, reserved 1064960K
  class space    used 2034K, capacity 2189K, committed 2304K, reserved 1048576K
}
Event: 15.067 GC heap before
{Heap before GC invocations=7 (full 0):
 PSYoungGen      total 40448K, used 39423K [0x0000000795580000, 0x0000000798600000, 0x00000007c0000000)
  eden space 32256K, 100% used [0x0000000795580000,0x0000000797500000,0x0000000797500000)
  from space 8192K, 87% used [0x0000000797e00000,0x00000007984ffce0,0x0000000798600000)
  to   space 8704K, 0% used [0x0000000797500000,0x0000000797500000,0x0000000797d80000)
 ParOldGen       total 87552K, used 8043K [0x0000000740000000, 0x0000000745580000, 0x0000000795580000)
  object space 87552K, 9% used [0x0000000740000000,0x00000007407dafc8,0x0000000745580000)
 Metaspace       used 18942K, capacity 19482K, committed 19584K, reserved 1067008K
  class space    used 2199K, capacity 2375K, committed 2432K, reserved 1048576K
Event: 15.090 GC heap after
Heap after GC invocations=7 (full 0):
 PSYoungGen      total 38912K, used 6855K [0x0000000795580000, 0x0000000798480000, 0x00000007c0000000)
  eden space 31744K, 0% used [0x0000000795580000,0x0000000795580000,0x0000000797480000)
  from space 7168K, 95% used [0x0000000797500000,0x0000000797bb1c98,0x0000000797c00000)
  to   space 8192K, 0% used [0x0000000797c80000,0x0000000797c80000,0x0000000798480000)
 ParOldGen       total 87552K, used 10168K [0x0000000740000000, 0x0000000745580000, 0x0000000795580000)
  object space 87552K, 11% used [0x0000000740000000,0x00000007409ee068,0x0000000745580000)
 Metaspace       used 18942K, capacity 19482K, committed 19584K, reserved 1067008K
  class space    used 2199K, capacity 2375K, committed 2432K, reserved 1048576K
}

