# JRE version: Java(TM) SE Runtime Environment (8.0_121-b13) (build 1.8.0_121-b13)
# Java VM: Java HotSpot(TM) 64-Bit Server VM (25.121-b13 mixed mode bsd-amd64 compressed oops)
Heap:
 PSYoungGen      total 38912K, used 19528K [0x0000000795580000, 0x0000000798480000, 0x00000007c0000000)
  eden space 31744K, 40% used [0x0000000795580000,0x0000000796201f48,0x0000000797480000)
  from space 7168K, 93% used [0x0000000797500000,0x0000000797b90298,0x0000000797c00000)
  to   space 8192K, 0% used [0x0000000797c80000,0x0000000797c80000,0x0000000798480000)
 ParOldGen       total 87552K, used 9941K [0x0000000740000000, 0x0000000745580000, 0x0000000795580000)
  object space 87552K, 11% used [0x0000000740000000,0x00000007409b5400,0x0000000745580000)
 Metaspace       used 20264K, capacity 20758K, committed 20992K, reserved 1067008K
  class space    used 2331K, capacity 2503K, committed 2560K, reserved 1048576K
GC Heap History (10 events):
Event: 6.217 GC heap before
{Heap before GC invocations=3 (full 0):
 PSYoungGen      total 38400K, used 38378K [0x0000000795580000, 0x0000000798000000, 0x00000007c0000000)
  eden space 33280K, 100% used [0x0000000795580000,0x0000000797600000,0x0000000797600000)
  from space 5120K, 99% used [0x0000000797b00000,0x0000000797ffa940,0x0000000798000000)
  to   space 5120K, 0% used [0x0000000797600000,0x0000000797600000,0x0000000797b00000)
 ParOldGen       total 87552K, used 1554K [0x0000000740000000, 0x0000000745580000, 0x0000000795580000)
  object space 87552K, 1% used [0x0000000740000000,0x0000000740184a10,0x0000000745580000)
 Metaspace       used 15372K, capacity 15538K, committed 15616K, reserved 1062912K
  class space    used 1875K, capacity 1970K, committed 2048K, reserved 1048576K
Event: 6.225 GC heap after
Heap after GC invocations=3 (full 0):
 PSYoungGen      total 38400K, used 5110K [0x0000000795580000, 0x0000000798000000, 0x00000007c0000000)
  eden space 33280K, 0% used [0x0000000795580000,0x0000000795580000,0x0000000797600000)
  from space 5120K, 99% used [0x0000000797600000,0x0000000797afd850,0x0000000797b00000)
  to   space 5120K, 0% used [0x0000000797b00000,0x0000000797b00000,0x0000000798000000)
 ParOldGen       total 87552K, used 3725K [0x0000000740000000, 0x0000000745580000, 0x0000000795580000)
  object space 87552K, 4% used [0x0000000740000000,0x00000007403a3708,0x0000000745580000)
 Metaspace       used 15372K, capacity 15538K, committed 15616K, reserved 1062912K
  class space    used 1875K, capacity 1970K, committed 2048K, reserved 1048576K
}
Event: 8.726 GC heap before
{Heap before GC invocations=4 (full 0):
 PSYoungGen      total 38400K, used 38390K [0x0000000795580000, 0x0000000798000000, 0x00000007c0000000)
  eden space 33280K, 100% used [0x0000000795580000,0x0000000797600000,0x0000000797600000)
  from space 5120K, 99% used [0x0000000797600000,0x0000000797afd850,0x0000000797b00000)
  to   space 5120K, 0% used [0x0000000797b00000,0x0000000797b00000,0x0000000798000000)
 ParOldGen       total 87552K, used 3725K [0x0000000740000000, 0x0000000745580000, 0x0000000795580000)
  object space 87552K, 4% used [0x0000000740000000,0x00000007403a3708,0x0000000745580000)
 Metaspace       used 15944K, capacity 16188K, committed 16384K, reserved 1062912K
  class space    used 1908K, capacity 2009K, committed 2048K, reserved 1048576K
Event: 8.744 GC heap after
Heap after GC invocations=4 (full 0):
 PSYoungGen      total 38400K, used 5088K [0x0000000795580000, 0x0000000798000000, 0x00000007c0000000)
  eden space 33280K, 0% used [0x0000000795580000,0x0000000795580000,0x0000000797600000)
  from space 5120K, 99% used [0x0000000797b00000,0x0000000797ff8020,0x0000000798000000)
  to   space 5120K, 0% used [0x0000000797600000,0x0000000797600000,0x0000000797b00000)
 ParOldGen       total 87552K, used 5534K [0x0000000740000000, 0x0000000745580000, 0x0000000795580000)
  object space 87552K, 6% used [0x0000000740000000,0x0000000740567838,0x0000000745580000)
 Metaspace       used 15944K, capacity 16188K, committed 16384K, reserved 1062912K
  class space    used 1908K, capacity 2009K, committed 2048K, reserved 1048576K
}
Event: 11.079 GC heap before
{Heap before GC invocations=5 (full 0):
 PSYoungGen      total 38400K, used 38368K [0x0000000795580000, 0x0000000798000000, 0x00000007c0000000)
  eden space 33280K, 100% used [0x0000000795580000,0x0000000797600000,0x0000000797600000)
  from space 5120K, 99% used [0x0000000797b00000,0x0000000797ff8020,0x0000000798000000)
  to   space 5120K, 0% used [0x0000000797600000,0x0000000797600000,0x0000000797b00000)
 ParOldGen       total 87552K, used 5534K [0x0000000740000000, 0x0000000745580000, 0x0000000795580000)
  object space 87552K, 6% used [0x0000000740000000,0x0000000740567838,0x0000000745580000)
 Metaspace       used 16786K, capacity 17120K, committed 17280K, reserved 1064960K
  class space    used 1985K, capacity 2083K, committed 2176K, reserved 1048576K
Event: 11.098 GC heap after
Heap after GC invocations=5 (full 0):
 PSYoungGen      total 37888K, used 5088K [0x0000000795580000, 0x0000000798680000, 0x00000007c0000000)
  eden space 32768K, 0% used [0x0000000795580000,0x0000000795580000,0x0000000797580000)
  from space 5120K, 99% used [0x0000000797600000,0x0000000797af8020,0x0000000797b00000)
  to   space 8704K, 0% used [0x0000000797e00000,0x0000000797e00000,0x0000000798680000)
 ParOldGen       total 87552K, used 7852K [0x0000000740000000, 0x0000000745580000, 0x0000000795580000)
  object space 87552K, 8% used [0x0000000740000000,0x00000007407ab370,0x0000000745580000)
 Metaspace       used 16786K, capacity 17120K, committed 17280K, reserved 1064960K
  class space    used 1985K, capacity 2083K, committed 2176K, reserved 1048576K
}
Event: 13.255 GC heap before
{Heap before GC invocations=6 (full 0):
 PSYoungGen      total 37888K, used 37856K [0x0000000795580000, 0x0000000798680000, 0x00000007c0000000)
  eden space 32768K, 100% used [0x0000000795580000,0x0000000797580000,0x0000000797580000)
  from space 5120K, 99% used [0x0000000797600000,0x0000000797af8020,0x0000000797b00000)
  to   space 8704K, 0% used [0x0000000797e00000,0x0000000797e00000,0x0000000798680000)
 ParOldGen       total 87552K, used 7852K [0x0000000740000000, 0x0000000745580000, 0x0000000795580000)
  object space 87552K, 8% used [0x0000000740000000,0x00000007407ab370,0x0000000745580000)
 Metaspace       used 17496K, capacity 17968K, committed 18048K, reserved 1064960K
  class space    used 2027K, capacity 2155K, committed 2176K, reserved 1048576K
Event: 13.276 GC heap after
Heap after GC invocations=6 (full 0):
 PSYoungGen      total 40448K, used 6931K [0x0000000795580000, 0x0000000798600000, 0x00000007c0000000)
  eden space 32256K, 0% used [0x0000000795580000,0x0000000795580000,0x0000000797500000)
  from space 8192K, 84% used [0x0000000797e00000,0x00000007984c4f60,0x0000000798600000)
  to   space 8704K, 0% used [0x0000000797500000,0x0000000797500000,0x0000000797d80000)
 ParOldGen       total 87552K, used 7860K [0x0000000740000000, 0x0000000745580000, 0x0000000795580000)
  object space 87552K, 8% used [0x0000000740000000,0x00000007407ad370,0x0000000745580000)
 Metaspace       used 17496K, capacity 17968K, committed 18048K, reserved 1064960K
  class space    used 2027K, capacity 2155K, committed 2176K, reserved 1048576K
}
Event: 15.703 GC heap before
{Heap before GC invocations=7 (full 0):
 PSYoungGen      total 40448K, used 39187K [0x0000000795580000, 0x0000000798600000, 0x00000007c0000000)
  eden space 32256K, 100% used [0x0000000795580000,0x0000000797500000,0x0000000797500000)
  from space 8192K, 84% used [0x0000000797e00000,0x00000007984c4f60,0x0000000798600000)
  to   space 8704K, 0% used [0x0000000797500000,0x0000000797500000,0x0000000797d80000)
 ParOldGen       total 87552K, used 7860K [0x0000000740000000, 0x0000000745580000, 0x0000000795580000)
  object space 87552K, 8% used [0x0000000740000000,0x00000007407ad370,0x0000000745580000)
 Metaspace       used 18895K, capacity 19440K, committed 19584K, reserved 1067008K
  class space    used 2188K, capacity 2337K, committed 2432K, reserved 1048576K
Event: 15.728 GC heap after
Heap after GC invocations=7 (full 0):
 PSYoungGen      total 38912K, used 6720K [0x0000000795580000, 0x0000000798480000, 0x00000007c0000000)
  eden space 31744K, 0% used [0x0000000795580000,0x0000000795580000,0x0000000797480000)
  from space 7168K, 93% used [0x0000000797500000,0x0000000797b90298,0x0000000797c00000)
  to   space 8192K, 0% used [0x0000000797c80000,0x0000000797c80000,0x0000000798480000)
 ParOldGen       total 87552K, used 9941K [0x0000000740000000, 0x0000000745580000, 0x0000000795580000)
  object space 87552K, 11% used [0x0000000740000000,0x00000007409b5400,0x0000000745580000)
 Metaspace       used 18895K, capacity 19440K, committed 19584K, reserved 1067008K
  class space    used 2188K, capacity 2337K, committed 2432K, reserved 1048576K
}

